<?xml version="1.0" encoding="UTF-8"?>
<testsuites name="jest tests" tests="1" failures="0" errors="0" time="5.053">
  <testsuite name="EligibilityStep" errors="0" failures="0" skipped="0" timestamp="2024-02-20T19:51:25" time="2.146" tests="1">
    <testcase classname="EligibilityStep has the correct URL" name="EligibilityStep has the correct URL" time="0.01">
    </testcase>
  </testsuite>
</testsuites>